<?xml version="1.0" encoding="UTF-8" standalone="yes"?>
<ns2:test-suite start="1514157739366" stop="1514157774665" version="1.4.23.HOTFIX1" xmlns:ns2="urn:model.allure.qatools.yandex.ru">
    <name>Default Suite : playment-ui-tests</name>
    <title>Default Suite : playment-ui-tests</title>
    <test-cases>
        <test-case start="1514157739410" stop="1514157774660" status="broken">
            <name>projectManagementTest</name>
            <failure>
                <message>NoSuchElementException: Element: "Proxy element for: DefaultElementLocator 'By.xpath: //button[@type='submit']'" not found
For documentation on this error, please visit: http://seleniumhq.org/exceptions/no_such_element.html
Build info: version: '3.4.0', revision: 'unknown', time: 'unknown'
System info: host: 'CJavaregowda-MAC-2.local', ip: '2601:196:4700:d7c0:0:0:0:f566', os.name: 'Mac OS X', os.arch: 'x86_64', os.version: '10.13.2', java.version: '1.8.0_101'
Driver info: driver.version: unknown</message>
                <stack-trace>org.openqa.selenium.NoSuchElementException: Element: "Proxy element for: DefaultElementLocator 'By.xpath: //button[@type='submit']'" not found
For documentation on this error, please visit: http://seleniumhq.org/exceptions/no_such_element.html
Build info: version: '3.4.0', revision: 'unknown', time: 'unknown'
System info: host: 'CJavaregowda-MAC-2.local', ip: '2601:196:4700:d7c0:0:0:0:f566', os.name: 'Mac OS X', os.arch: 'x86_64', os.version: '10.13.2', java.version: '1.8.0_101'
Driver info: driver.version: unknown
	at base.BasePage.waitForElement(BasePage.java:59)
	at base.BasePage.clickOnElement(BasePage.java:204)
	at pages.ConfigPage.saveConfig(ConfigPage.java:26)
	at tests.ProjectManagementTest.projectManagementTest(ProjectManagementTest.java:29)
	at sun.reflect.NativeMethodAccessorImpl.invoke0(Native Method)
	at sun.reflect.NativeMethodAccessorImpl.invoke(NativeMethodAccessorImpl.java:62)
	at sun.reflect.DelegatingMethodAccessorImpl.invoke(DelegatingMethodAccessorImpl.java:43)
	at java.lang.reflect.Method.invoke(Method.java:498)
	at org.testng.internal.MethodInvocationHelper.invokeMethod(MethodInvocationHelper.java:108)
	at org.testng.internal.Invoker.invokeMethod(Invoker.java:661)
	at org.testng.internal.Invoker.invokeTestMethod(Invoker.java:869)
	at org.testng.internal.Invoker.invokeTestMethods(Invoker.java:1193)
	at org.testng.internal.TestMethodWorker.invokeTestMethods(TestMethodWorker.java:126)
	at org.testng.internal.TestMethodWorker.run(TestMethodWorker.java:109)
	at org.testng.TestRunner.privateRun(TestRunner.java:744)
	at org.testng.TestRunner.run(TestRunner.java:602)
	at org.testng.SuiteRunner.runTest(SuiteRunner.java:380)
	at org.testng.SuiteRunner.runSequentially(SuiteRunner.java:375)
	at org.testng.SuiteRunner.privateRun(SuiteRunner.java:340)
	at org.testng.SuiteRunner.run(SuiteRunner.java:289)
	at org.testng.SuiteRunnerWorker.runSuite(SuiteRunnerWorker.java:52)
	at org.testng.SuiteRunnerWorker.run(SuiteRunnerWorker.java:86)
	at org.testng.TestNG.runSuitesSequentially(TestNG.java:1301)
	at org.testng.TestNG.runSuitesLocally(TestNG.java:1226)
	at org.testng.TestNG.runSuites(TestNG.java:1144)
	at org.testng.TestNG.run(TestNG.java:1115)
	at org.testng.IDEARemoteTestNG.run(IDEARemoteTestNG.java:72)
	at org.testng.RemoteTestNGStarter.main(RemoteTestNGStarter.java:124)
</stack-trace>
            </failure>
            <steps/>
            <attachments>
                <attachment title="Page screenshot" source="bcfe7ab9-a98e-44e2-987e-77bf0226b38e-attachment.png" type="image/png"/>
                <attachment title="Page screenshot" source="0690729b-4a70-4dd6-89bd-b125f8e03824-attachment.png" type="image/png"/>
                <attachment title="Page screenshot" source="33b1ac9d-2f39-413c-81e2-0f915658fbb2-attachment.png" type="image/png"/>
                <attachment title="Page screenshot" source="bed42a2e-6617-4d49-97f9-68755dae7bc3-attachment.png" type="image/png"/>
                <attachment title="Page screenshot" source="c0f3a6b3-0b22-4101-bb72-0ccb99ca3976-attachment.png" type="image/png"/>
            </attachments>
            <labels>
                <label name="host" value="CJavaregowda-MAC-2.local"/>
                <label name="thread" value="90593@CJavaregowda-MAC-2.local.main(1)"/>
            </labels>
        </test-case>
    </test-cases>
    <labels>
        <label name="framework" value="TestNG"/>
        <label name="language" value="JAVA"/>
    </labels>
</ns2:test-suite>
